{"/Users/ernesto/Desktop/mystuff/job_application_tracker/app/javascript/components/Pages/dashboard/NewDash.js": {"path":"/Users/ernesto/Desktop/mystuff/job_application_tracker/app/javascript/components/Pages/dashboard/NewDash.js","statementMap":{"0":{"start":{"line":15,"column":4},"end":{"line":15,"column":16}},"1":{"start":{"line":16,"column":4},"end":{"line":27,"column":5}},"2":{"start":{"line":31,"column":4},"end":{"line":31,"column":41}},"3":{"start":{"line":34,"column":12},"end":{"line":51,"column":3}},"4":{"start":{"line":35,"column":4},"end":{"line":50,"column":6}},"5":{"start":{"line":36,"column":50},"end":{"line":36,"column":53}},"6":{"start":{"line":37,"column":6},"end":{"line":43,"column":8}},"7":{"start":{"line":45,"column":6},"end":{"line":49,"column":7}},"8":{"start":{"line":46,"column":8},"end":{"line":48,"column":10}},"9":{"start":{"line":53,"column":13},"end":{"line":59,"column":3}},"10":{"start":{"line":54,"column":4},"end":{"line":56,"column":6}},"11":{"start":{"line":58,"column":4},"end":{"line":58,"column":22}},"12":{"start":{"line":61,"column":14},"end":{"line":66,"column":3}},"13":{"start":{"line":62,"column":4},"end":{"line":65,"column":6}},"14":{"start":{"line":68,"column":13},"end":{"line":74,"column":3}},"15":{"start":{"line":69,"column":4},"end":{"line":72,"column":6}},"16":{"start":{"line":73,"column":4},"end":{"line":73,"column":18}},"17":{"start":{"line":86,"column":8},"end":{"line":86,"column":18}},"18":{"start":{"line":90,"column":8},"end":{"line":90,"column":18}},"19":{"start":{"line":92,"column":4},"end":{"line":140,"column":6}},"20":{"start":{"line":122,"column":38},"end":{"line":122,"column":56}},"21":{"start":{"line":126,"column":38},"end":{"line":126,"column":57}},"22":{"start":{"line":135,"column":31},"end":{"line":135,"column":66}},"23":{"start":{"line":136,"column":29},"end":{"line":136,"column":44}}},"fnMap":{"0":{"name":"(anonymous_0)","decl":{"start":{"line":14,"column":2},"end":{"line":14,"column":3}},"loc":{"start":{"line":14,"column":21},"end":{"line":28,"column":3}},"line":14},"1":{"name":"(anonymous_1)","decl":{"start":{"line":30,"column":2},"end":{"line":30,"column":3}},"loc":{"start":{"line":30,"column":22},"end":{"line":32,"column":3}},"line":30},"2":{"name":"(anonymous_2)","decl":{"start":{"line":34,"column":12},"end":{"line":34,"column":13}},"loc":{"start":{"line":34,"column":22},"end":{"line":51,"column":3}},"line":34},"3":{"name":"(anonymous_3)","decl":{"start":{"line":35,"column":32},"end":{"line":35,"column":33}},"loc":{"start":{"line":35,"column":39},"end":{"line":50,"column":5}},"line":35},"4":{"name":"(anonymous_4)","decl":{"start":{"line":53,"column":13},"end":{"line":53,"column":14}},"loc":{"start":{"line":53,"column":23},"end":{"line":59,"column":3}},"line":53},"5":{"name":"(anonymous_5)","decl":{"start":{"line":61,"column":14},"end":{"line":61,"column":15}},"loc":{"start":{"line":61,"column":22},"end":{"line":66,"column":3}},"line":61},"6":{"name":"(anonymous_6)","decl":{"start":{"line":68,"column":13},"end":{"line":68,"column":14}},"loc":{"start":{"line":68,"column":19},"end":{"line":74,"column":3}},"line":68},"7":{"name":"(anonymous_7)","decl":{"start":{"line":76,"column":2},"end":{"line":76,"column":3}},"loc":{"start":{"line":76,"column":11},"end":{"line":141,"column":3}},"line":76},"8":{"name":"(anonymous_8)","decl":{"start":{"line":122,"column":30},"end":{"line":122,"column":31}},"loc":{"start":{"line":122,"column":38},"end":{"line":122,"column":56}},"line":122},"9":{"name":"(anonymous_9)","decl":{"start":{"line":126,"column":28},"end":{"line":126,"column":29}},"loc":{"start":{"line":126,"column":38},"end":{"line":126,"column":57}},"line":126},"10":{"name":"(anonymous_10)","decl":{"start":{"line":135,"column":25},"end":{"line":135,"column":26}},"loc":{"start":{"line":135,"column":31},"end":{"line":135,"column":66}},"line":135},"11":{"name":"(anonymous_11)","decl":{"start":{"line":136,"column":23},"end":{"line":136,"column":24}},"loc":{"start":{"line":136,"column":29},"end":{"line":136,"column":44}},"line":136}},"branchMap":{"0":{"loc":{"start":{"line":45,"column":6},"end":{"line":49,"column":7}},"type":"if","locations":[{"start":{"line":45,"column":6},"end":{"line":49,"column":7}},{"start":{"line":45,"column":6},"end":{"line":49,"column":7}}],"line":45},"1":{"loc":{"start":{"line":101,"column":16},"end":{"line":102,"column":59}},"type":"binary-expr","locations":[{"start":{"line":101,"column":16},"end":{"line":101,"column":26}},{"start":{"line":102,"column":16},"end":{"line":102,"column":59}}],"line":101},"2":{"loc":{"start":{"line":109,"column":16},"end":{"line":110,"column":40}},"type":"binary-expr","locations":[{"start":{"line":109,"column":16},"end":{"line":109,"column":26}},{"start":{"line":110,"column":16},"end":{"line":110,"column":40}}],"line":109},"3":{"loc":{"start":{"line":120,"column":16},"end":{"line":127,"column":18}},"type":"binary-expr","locations":[{"start":{"line":120,"column":16},"end":{"line":120,"column":26}},{"start":{"line":121,"column":16},"end":{"line":127,"column":18}}],"line":120}},"s":{"0":4,"1":4,"2":5,"3":4,"4":5,"5":5,"6":5,"7":5,"8":4,"9":4,"10":0,"11":0,"12":4,"13":0,"14":4,"15":0,"16":0,"17":13,"18":13,"19":13,"20":0,"21":0,"22":0,"23":0},"f":{"0":4,"1":5,"2":5,"3":5,"4":0,"5":0,"6":0,"7":13,"8":0,"9":0,"10":0,"11":0},"b":{"0":[4,1],"1":[13,5],"2":[13,5],"3":[13,5]},"_coverageSchema":"1a1c01bbd47fc00a2c39e90264f33305004495a9","hash":"f9e7b0fad5bb1d875ec932b6c747adc89a9f97a9"}
,"/Users/ernesto/Desktop/mystuff/job_application_tracker/app/javascript/components/Pages/dashboard/application-metrics/ApplicationMetrics.js": {"path":"/Users/ernesto/Desktop/mystuff/job_application_tracker/app/javascript/components/Pages/dashboard/application-metrics/ApplicationMetrics.js","statementMap":{"0":{"start":{"line":3,"column":27},"end":{"line":22,"column":1}},"1":{"start":{"line":4,"column":19},"end":{"line":4,"column":24}},"2":{"start":{"line":6,"column":19},"end":{"line":8,"column":3}},"3":{"start":{"line":7,"column":4},"end":{"line":7,"column":53}},"4":{"start":{"line":10,"column":2},"end":{"line":21,"column":4}},"5":{"start":{"line":15,"column":10},"end":{"line":17,"column":11}}},"fnMap":{"0":{"name":"(anonymous_0)","decl":{"start":{"line":3,"column":27},"end":{"line":3,"column":28}},"loc":{"start":{"line":3,"column":38},"end":{"line":22,"column":1}},"line":3},"1":{"name":"(anonymous_1)","decl":{"start":{"line":6,"column":19},"end":{"line":6,"column":20}},"loc":{"start":{"line":6,"column":28},"end":{"line":8,"column":3}},"line":6},"2":{"name":"(anonymous_2)","decl":{"start":{"line":14,"column":41},"end":{"line":14,"column":42}},"loc":{"start":{"line":14,"column":51},"end":{"line":18,"column":9}},"line":14}},"branchMap":{"0":{"loc":{"start":{"line":7,"column":11},"end":{"line":7,"column":53}},"type":"cond-expr","locations":[{"start":{"line":7,"column":23},"end":{"line":7,"column":37}},{"start":{"line":7,"column":40},"end":{"line":7,"column":53}}],"line":7}},"s":{"0":2,"1":3,"2":3,"3":5,"4":3,"5":2},"f":{"0":3,"1":5,"2":2},"b":{"0":[4,1]},"_coverageSchema":"1a1c01bbd47fc00a2c39e90264f33305004495a9","hash":"c5344d235febf9a83623f63a1f27b7a8ca8bd938"}
,"/Users/ernesto/Desktop/mystuff/job_application_tracker/app/javascript/components/Pages/dashboard/application-table/ApplicationTable.js": {"path":"/Users/ernesto/Desktop/mystuff/job_application_tracker/app/javascript/components/Pages/dashboard/application-table/ApplicationTable.js","statementMap":{"0":{"start":{"line":8,"column":25},"end":{"line":83,"column":1}},"1":{"start":{"line":16,"column":6},"end":{"line":16,"column":11}},"2":{"start":{"line":18,"column":28},"end":{"line":27,"column":3}},"3":{"start":{"line":19,"column":4},"end":{"line":26,"column":5}},"4":{"start":{"line":21,"column":8},"end":{"line":21,"column":48}},"5":{"start":{"line":22,"column":8},"end":{"line":22,"column":14}},"6":{"start":{"line":24,"column":8},"end":{"line":24,"column":58}},"7":{"start":{"line":25,"column":8},"end":{"line":25,"column":14}},"8":{"start":{"line":29,"column":2},"end":{"line":82,"column":4}},"9":{"start":{"line":51,"column":16},"end":{"line":51,"column":17}},"10":{"start":{"line":52,"column":12},"end":{"line":65,"column":13}},"11":{"start":{"line":62,"column":66},"end":{"line":62,"column":79}},"12":{"start":{"line":73,"column":41},"end":{"line":73,"column":67}},"13":{"start":{"line":74,"column":41},"end":{"line":74,"column":67}}},"fnMap":{"0":{"name":"(anonymous_0)","decl":{"start":{"line":8,"column":25},"end":{"line":8,"column":26}},"loc":{"start":{"line":8,"column":36},"end":{"line":83,"column":1}},"line":8},"1":{"name":"(anonymous_1)","decl":{"start":{"line":18,"column":28},"end":{"line":18,"column":29}},"loc":{"start":{"line":18,"column":37},"end":{"line":27,"column":3}},"line":18},"2":{"name":"(anonymous_2)","decl":{"start":{"line":43,"column":21},"end":{"line":43,"column":22}},"loc":{"start":{"line":43,"column":31},"end":{"line":66,"column":11}},"line":43},"3":{"name":"(anonymous_3)","decl":{"start":{"line":62,"column":60},"end":{"line":62,"column":61}},"loc":{"start":{"line":62,"column":66},"end":{"line":62,"column":79}},"line":62},"4":{"name":"(anonymous_4)","decl":{"start":{"line":73,"column":35},"end":{"line":73,"column":36}},"loc":{"start":{"line":73,"column":41},"end":{"line":73,"column":67}},"line":73},"5":{"name":"(anonymous_5)","decl":{"start":{"line":74,"column":35},"end":{"line":74,"column":36}},"loc":{"start":{"line":74,"column":41},"end":{"line":74,"column":67}},"line":74}},"branchMap":{"0":{"loc":{"start":{"line":19,"column":4},"end":{"line":26,"column":5}},"type":"switch","locations":[{"start":{"line":20,"column":6},"end":{"line":22,"column":14}},{"start":{"line":23,"column":6},"end":{"line":25,"column":14}}],"line":19},"1":{"loc":{"start":{"line":21,"column":15},"end":{"line":21,"column":48}},"type":"cond-expr","locations":[{"start":{"line":21,"column":36},"end":{"line":21,"column":40}},{"start":{"line":21,"column":43},"end":{"line":21,"column":48}}],"line":21},"2":{"loc":{"start":{"line":24,"column":15},"end":{"line":24,"column":58}},"type":"cond-expr","locations":[{"start":{"line":24,"column":46},"end":{"line":24,"column":50}},{"start":{"line":24,"column":53},"end":{"line":24,"column":58}}],"line":24},"3":{"loc":{"start":{"line":76,"column":8},"end":{"line":79,"column":14}},"type":"binary-expr","locations":[{"start":{"line":76,"column":8},"end":{"line":76,"column":25}},{"start":{"line":77,"column":8},"end":{"line":79,"column":14}}],"line":76}},"s":{"0":2,"1":5,"2":5,"3":10,"4":5,"5":0,"6":5,"7":0,"8":5,"9":4,"10":4,"11":0,"12":0,"13":0},"f":{"0":5,"1":10,"2":4,"3":0,"4":0,"5":0},"b":{"0":[5,5],"1":[0,5],"2":[5,0],"3":[5,2]},"_coverageSchema":"1a1c01bbd47fc00a2c39e90264f33305004495a9","hash":"2ee53cbd1ce6fc44bec1fb9cdf6fcb9f84b8b590"}
,"/Users/ernesto/Desktop/mystuff/job_application_tracker/app/javascript/components/Pages/dashboard/delete-modal/DeleteModal.js": {"path":"/Users/ernesto/Desktop/mystuff/job_application_tracker/app/javascript/components/Pages/dashboard/delete-modal/DeleteModal.js","statementMap":{"0":{"start":{"line":6,"column":20},"end":{"line":53,"column":1}},"1":{"start":{"line":7,"column":32},"end":{"line":7,"column":47}},"2":{"start":{"line":8,"column":56},"end":{"line":8,"column":61}},"3":{"start":{"line":10,"column":23},"end":{"line":20,"column":3}},"4":{"start":{"line":11,"column":4},"end":{"line":19,"column":6}},"5":{"start":{"line":13,"column":6},"end":{"line":18,"column":7}},"6":{"start":{"line":14,"column":8},"end":{"line":14,"column":24}},"7":{"start":{"line":15,"column":8},"end":{"line":17,"column":16}},"8":{"start":{"line":16,"column":10},"end":{"line":16,"column":20}},"9":{"start":{"line":22,"column":2},"end":{"line":52,"column":4}},"10":{"start":{"line":48,"column":67},"end":{"line":48,"column":79}},"11":{"start":{"line":49,"column":49},"end":{"line":49,"column":63}}},"fnMap":{"0":{"name":"(anonymous_0)","decl":{"start":{"line":6,"column":20},"end":{"line":6,"column":21}},"loc":{"start":{"line":6,"column":31},"end":{"line":53,"column":1}},"line":6},"1":{"name":"(anonymous_1)","decl":{"start":{"line":10,"column":23},"end":{"line":10,"column":24}},"loc":{"start":{"line":10,"column":29},"end":{"line":20,"column":3}},"line":10},"2":{"name":"(anonymous_2)","decl":{"start":{"line":12,"column":10},"end":{"line":12,"column":11}},"loc":{"start":{"line":12,"column":17},"end":{"line":19,"column":5}},"line":12},"3":{"name":"(anonymous_3)","decl":{"start":{"line":15,"column":19},"end":{"line":15,"column":20}},"loc":{"start":{"line":15,"column":25},"end":{"line":17,"column":9}},"line":15},"4":{"name":"(anonymous_4)","decl":{"start":{"line":48,"column":61},"end":{"line":48,"column":62}},"loc":{"start":{"line":48,"column":67},"end":{"line":48,"column":79}},"line":48},"5":{"name":"(anonymous_5)","decl":{"start":{"line":49,"column":43},"end":{"line":49,"column":44}},"loc":{"start":{"line":49,"column":49},"end":{"line":49,"column":63}},"line":49}},"branchMap":{"0":{"loc":{"start":{"line":13,"column":6},"end":{"line":18,"column":7}},"type":"if","locations":[{"start":{"line":13,"column":6},"end":{"line":18,"column":7}},{"start":{"line":13,"column":6},"end":{"line":18,"column":7}}],"line":13},"1":{"loc":{"start":{"line":36,"column":10},"end":{"line":39,"column":14}},"type":"binary-expr","locations":[{"start":{"line":36,"column":10},"end":{"line":36,"column":18}},{"start":{"line":37,"column":10},"end":{"line":39,"column":14}}],"line":36},"2":{"loc":{"start":{"line":41,"column":10},"end":{"line":44,"column":14}},"type":"binary-expr","locations":[{"start":{"line":41,"column":10},"end":{"line":41,"column":17}},{"start":{"line":42,"column":10},"end":{"line":44,"column":14}}],"line":41}},"s":{"0":2,"1":2,"2":2,"3":2,"4":0,"5":0,"6":0,"7":0,"8":0,"9":2,"10":0,"11":0},"f":{"0":2,"1":0,"2":0,"3":0,"4":0,"5":0},"b":{"0":[0,0],"1":[2,2],"2":[2,0]},"_coverageSchema":"1a1c01bbd47fc00a2c39e90264f33305004495a9","hash":"0036ea999f33fdb0be591ba1e4e4513d2b8a0676"}
,"/Users/ernesto/Desktop/mystuff/job_application_tracker/app/javascript/components/Pages/dashboard/pie-chart/Pie.js": {"path":"/Users/ernesto/Desktop/mystuff/job_application_tracker/app/javascript/components/Pages/dashboard/pie-chart/Pie.js","statementMap":{"0":{"start":{"line":5,"column":0},"end":{"line":5,"column":27}},"1":{"start":{"line":7,"column":12},"end":{"line":67,"column":1}},"2":{"start":{"line":8,"column":32},"end":{"line":8,"column":54}},"3":{"start":{"line":10,"column":2},"end":{"line":12,"column":18}},"4":{"start":{"line":11,"column":4},"end":{"line":11,"column":28}},"5":{"start":{"line":14,"column":23},"end":{"line":49,"column":3}},"6":{"start":{"line":15,"column":4},"end":{"line":48,"column":6}},"7":{"start":{"line":30,"column":10},"end":{"line":30,"column":61}},"8":{"start":{"line":51,"column":21},"end":{"line":57,"column":3}},"9":{"start":{"line":52,"column":14},"end":{"line":52,"column":25}},"10":{"start":{"line":53,"column":4},"end":{"line":55,"column":6}},"11":{"start":{"line":54,"column":6},"end":{"line":54,"column":38}},"12":{"start":{"line":56,"column":4},"end":{"line":56,"column":14}},"13":{"start":{"line":59,"column":2},"end":{"line":66,"column":4}}},"fnMap":{"0":{"name":"(anonymous_0)","decl":{"start":{"line":7,"column":12},"end":{"line":7,"column":13}},"loc":{"start":{"line":7,"column":23},"end":{"line":67,"column":1}},"line":7},"1":{"name":"(anonymous_1)","decl":{"start":{"line":10,"column":12},"end":{"line":10,"column":13}},"loc":{"start":{"line":10,"column":18},"end":{"line":12,"column":3}},"line":10},"2":{"name":"(anonymous_2)","decl":{"start":{"line":14,"column":23},"end":{"line":14,"column":24}},"loc":{"start":{"line":14,"column":33},"end":{"line":49,"column":3}},"line":14},"3":{"name":"(anonymous_3)","decl":{"start":{"line":29,"column":19},"end":{"line":29,"column":20}},"loc":{"start":{"line":29,"column":30},"end":{"line":31,"column":9}},"line":29},"4":{"name":"(anonymous_4)","decl":{"start":{"line":51,"column":21},"end":{"line":51,"column":22}},"loc":{"start":{"line":51,"column":31},"end":{"line":57,"column":3}},"line":51},"5":{"name":"(anonymous_5)","decl":{"start":{"line":53,"column":26},"end":{"line":53,"column":27}},"loc":{"start":{"line":53,"column":31},"end":{"line":55,"column":5}},"line":53}},"branchMap":{},"s":{"0":2,"1":2,"2":1,"3":1,"4":0,"5":1,"6":0,"7":0,"8":1,"9":0,"10":0,"11":0,"12":0,"13":1},"f":{"0":1,"1":0,"2":0,"3":0,"4":0,"5":0},"b":{},"_coverageSchema":"1a1c01bbd47fc00a2c39e90264f33305004495a9","hash":"af2e6503f89be80207ae8238fe36522546bfa9bb"}
,"/Users/ernesto/Desktop/mystuff/job_application_tracker/app/javascript/components/utils/ApiCalls.js": {"path":"/Users/ernesto/Desktop/mystuff/job_application_tracker/app/javascript/components/utils/ApiCalls.js","statementMap":{"0":{"start":{"line":1,"column":26},"end":{"line":7,"column":1}},"1":{"start":{"line":2,"column":2},"end":{"line":6,"column":20}},"2":{"start":{"line":5,"column":20},"end":{"line":5,"column":35}},"3":{"start":{"line":6,"column":16},"end":{"line":6,"column":19}},"4":{"start":{"line":9,"column":30},"end":{"line":15,"column":1}},"5":{"start":{"line":10,"column":2},"end":{"line":14,"column":20}},"6":{"start":{"line":13,"column":20},"end":{"line":13,"column":35}},"7":{"start":{"line":14,"column":16},"end":{"line":14,"column":19}},"8":{"start":{"line":17,"column":27},"end":{"line":28,"column":1}},"9":{"start":{"line":18,"column":2},"end":{"line":27,"column":22}},"10":{"start":{"line":26,"column":22},"end":{"line":26,"column":30}},"11":{"start":{"line":27,"column":18},"end":{"line":27,"column":21}},"12":{"start":{"line":30,"column":29},"end":{"line":40,"column":1}},"13":{"start":{"line":31,"column":2},"end":{"line":39,"column":22}},"14":{"start":{"line":38,"column":22},"end":{"line":38,"column":30}},"15":{"start":{"line":39,"column":18},"end":{"line":39,"column":21}},"16":{"start":{"line":42,"column":26},"end":{"line":53,"column":1}},"17":{"start":{"line":43,"column":2},"end":{"line":52,"column":22}},"18":{"start":{"line":51,"column":22},"end":{"line":51,"column":30}},"19":{"start":{"line":52,"column":18},"end":{"line":52,"column":21}},"20":{"start":{"line":55,"column":32},"end":{"line":75,"column":1}},"21":{"start":{"line":56,"column":12},"end":{"line":56,"column":19}},"22":{"start":{"line":58,"column":2},"end":{"line":60,"column":3}},"23":{"start":{"line":59,"column":4},"end":{"line":59,"column":28}},"24":{"start":{"line":62,"column":2},"end":{"line":74,"column":4}},"25":{"start":{"line":63,"column":27},"end":{"line":63,"column":37}},"26":{"start":{"line":64,"column":38},"end":{"line":64,"column":48}},"27":{"start":{"line":65,"column":41},"end":{"line":65,"column":51}},"28":{"start":{"line":66,"column":13},"end":{"line":66,"column":32}},"29":{"start":{"line":66,"column":28},"end":{"line":66,"column":31}},"30":{"start":{"line":68,"column":19},"end":{"line":72,"column":6}},"31":{"start":{"line":73,"column":4},"end":{"line":73,"column":19}}},"fnMap":{"0":{"name":"(anonymous_0)","decl":{"start":{"line":1,"column":26},"end":{"line":1,"column":27}},"loc":{"start":{"line":1,"column":32},"end":{"line":7,"column":1}},"line":1},"1":{"name":"(anonymous_1)","decl":{"start":{"line":5,"column":8},"end":{"line":5,"column":9}},"loc":{"start":{"line":5,"column":20},"end":{"line":5,"column":35}},"line":5},"2":{"name":"(anonymous_2)","decl":{"start":{"line":6,"column":9},"end":{"line":6,"column":10}},"loc":{"start":{"line":6,"column":16},"end":{"line":6,"column":19}},"line":6},"3":{"name":"(anonymous_3)","decl":{"start":{"line":9,"column":30},"end":{"line":9,"column":31}},"loc":{"start":{"line":9,"column":38},"end":{"line":15,"column":1}},"line":9},"4":{"name":"(anonymous_4)","decl":{"start":{"line":13,"column":8},"end":{"line":13,"column":9}},"loc":{"start":{"line":13,"column":20},"end":{"line":13,"column":35}},"line":13},"5":{"name":"(anonymous_5)","decl":{"start":{"line":14,"column":9},"end":{"line":14,"column":10}},"loc":{"start":{"line":14,"column":16},"end":{"line":14,"column":19}},"line":14},"6":{"name":"(anonymous_6)","decl":{"start":{"line":17,"column":27},"end":{"line":17,"column":28}},"loc":{"start":{"line":17,"column":43},"end":{"line":28,"column":1}},"line":17},"7":{"name":"(anonymous_7)","decl":{"start":{"line":26,"column":10},"end":{"line":26,"column":11}},"loc":{"start":{"line":26,"column":22},"end":{"line":26,"column":30}},"line":26},"8":{"name":"(anonymous_8)","decl":{"start":{"line":27,"column":11},"end":{"line":27,"column":12}},"loc":{"start":{"line":27,"column":18},"end":{"line":27,"column":21}},"line":27},"9":{"name":"(anonymous_9)","decl":{"start":{"line":30,"column":29},"end":{"line":30,"column":30}},"loc":{"start":{"line":30,"column":44},"end":{"line":40,"column":1}},"line":30},"10":{"name":"(anonymous_10)","decl":{"start":{"line":38,"column":10},"end":{"line":38,"column":11}},"loc":{"start":{"line":38,"column":22},"end":{"line":38,"column":30}},"line":38},"11":{"name":"(anonymous_11)","decl":{"start":{"line":39,"column":11},"end":{"line":39,"column":12}},"loc":{"start":{"line":39,"column":18},"end":{"line":39,"column":21}},"line":39},"12":{"name":"(anonymous_12)","decl":{"start":{"line":42,"column":26},"end":{"line":42,"column":27}},"loc":{"start":{"line":42,"column":46},"end":{"line":53,"column":1}},"line":42},"13":{"name":"(anonymous_13)","decl":{"start":{"line":51,"column":10},"end":{"line":51,"column":11}},"loc":{"start":{"line":51,"column":22},"end":{"line":51,"column":30}},"line":51},"14":{"name":"(anonymous_14)","decl":{"start":{"line":52,"column":11},"end":{"line":52,"column":12}},"loc":{"start":{"line":52,"column":18},"end":{"line":52,"column":21}},"line":52},"15":{"name":"(anonymous_15)","decl":{"start":{"line":55,"column":32},"end":{"line":55,"column":33}},"loc":{"start":{"line":55,"column":42},"end":{"line":75,"column":1}},"line":55},"16":{"name":"(anonymous_16)","decl":{"start":{"line":63,"column":20},"end":{"line":63,"column":21}},"loc":{"start":{"line":63,"column":27},"end":{"line":63,"column":37}},"line":63},"17":{"name":"(anonymous_17)","decl":{"start":{"line":64,"column":31},"end":{"line":64,"column":32}},"loc":{"start":{"line":64,"column":38},"end":{"line":64,"column":48}},"line":64},"18":{"name":"(anonymous_18)","decl":{"start":{"line":65,"column":34},"end":{"line":65,"column":35}},"loc":{"start":{"line":65,"column":41},"end":{"line":65,"column":51}},"line":65},"19":{"name":"(anonymous_19)","decl":{"start":{"line":66,"column":8},"end":{"line":66,"column":9}},"loc":{"start":{"line":66,"column":13},"end":{"line":66,"column":32}},"line":66},"20":{"name":"(anonymous_20)","decl":{"start":{"line":66,"column":21},"end":{"line":66,"column":22}},"loc":{"start":{"line":66,"column":28},"end":{"line":66,"column":31}},"line":66},"21":{"name":"(anonymous_21)","decl":{"start":{"line":67,"column":8},"end":{"line":67,"column":9}},"loc":{"start":{"line":67,"column":37},"end":{"line":74,"column":3}},"line":67}},"branchMap":{"0":{"loc":{"start":{"line":58,"column":2},"end":{"line":60,"column":3}},"type":"if","locations":[{"start":{"line":58,"column":2},"end":{"line":60,"column":3}},{"start":{"line":58,"column":2},"end":{"line":60,"column":3}}],"line":58}},"s":{"0":2,"1":0,"2":0,"3":0,"4":2,"5":0,"6":0,"7":0,"8":2,"9":0,"10":0,"11":0,"12":2,"13":0,"14":0,"15":0,"16":2,"17":0,"18":0,"19":0,"20":2,"21":5,"22":5,"23":0,"24":5,"25":5,"26":5,"27":5,"28":15,"29":15,"30":5,"31":5},"f":{"0":0,"1":0,"2":0,"3":0,"4":0,"5":0,"6":0,"7":0,"8":0,"9":0,"10":0,"11":0,"12":0,"13":0,"14":0,"15":5,"16":5,"17":5,"18":5,"19":15,"20":15,"21":5},"b":{"0":[0,5]},"_coverageSchema":"1a1c01bbd47fc00a2c39e90264f33305004495a9","hash":"898b4c9695f68ff011d49d33cbbd9d84fc1cd5f9"}
}
