TN:
SF:app/javascript/components/Pages/dashboard/NewDash.js
FN:14,(anonymous_0)
FN:30,(anonymous_1)
FN:34,(anonymous_2)
FN:35,(anonymous_3)
FN:53,(anonymous_4)
FN:61,(anonymous_5)
FN:68,(anonymous_6)
FN:76,(anonymous_7)
FN:122,(anonymous_8)
FN:126,(anonymous_9)
FN:135,(anonymous_10)
FN:136,(anonymous_11)
FNF:12
FNH:5
FNDA:4,(anonymous_0)
FNDA:5,(anonymous_1)
FNDA:5,(anonymous_2)
FNDA:5,(anonymous_3)
FNDA:0,(anonymous_4)
FNDA:0,(anonymous_5)
FNDA:0,(anonymous_6)
FNDA:13,(anonymous_7)
FNDA:0,(anonymous_8)
FNDA:0,(anonymous_9)
FNDA:0,(anonymous_10)
FNDA:0,(anonymous_11)
DA:15,4
DA:16,4
DA:31,5
DA:34,4
DA:35,5
DA:36,5
DA:37,5
DA:45,5
DA:46,4
DA:53,4
DA:54,0
DA:58,0
DA:61,4
DA:62,0
DA:68,4
DA:69,0
DA:73,0
DA:86,13
DA:90,13
DA:92,13
DA:122,0
DA:126,0
DA:135,0
DA:136,0
LF:24
LH:15
BRDA:45,0,0,4
BRDA:45,0,1,1
BRDA:101,1,0,13
BRDA:101,1,1,5
BRDA:109,2,0,13
BRDA:109,2,1,5
BRDA:120,3,0,13
BRDA:120,3,1,5
BRF:8
BRH:8
end_of_record
TN:
SF:app/javascript/components/Pages/dashboard/application-metrics/ApplicationMetrics.js
FN:3,(anonymous_0)
FN:6,(anonymous_1)
FN:14,(anonymous_2)
FNF:3
FNH:3
FNDA:3,(anonymous_0)
FNDA:5,(anonymous_1)
FNDA:2,(anonymous_2)
DA:3,2
DA:4,3
DA:6,3
DA:7,5
DA:10,3
DA:15,2
LF:6
LH:6
BRDA:7,0,0,4
BRDA:7,0,1,1
BRF:2
BRH:2
end_of_record
TN:
SF:app/javascript/components/Pages/dashboard/application-table/ApplicationTable.js
FN:8,(anonymous_0)
FN:18,(anonymous_1)
FN:43,(anonymous_2)
FN:62,(anonymous_3)
FN:73,(anonymous_4)
FN:74,(anonymous_5)
FNF:6
FNH:3
FNDA:5,(anonymous_0)
FNDA:10,(anonymous_1)
FNDA:4,(anonymous_2)
FNDA:0,(anonymous_3)
FNDA:0,(anonymous_4)
FNDA:0,(anonymous_5)
DA:8,2
DA:16,5
DA:18,5
DA:19,10
DA:21,5
DA:22,0
DA:24,5
DA:25,0
DA:29,5
DA:51,4
DA:52,4
DA:62,0
DA:73,0
DA:74,0
LF:14
LH:9
BRDA:19,0,0,5
BRDA:19,0,1,5
BRDA:21,1,0,0
BRDA:21,1,1,5
BRDA:24,2,0,5
BRDA:24,2,1,0
BRDA:76,3,0,5
BRDA:76,3,1,2
BRF:8
BRH:6
end_of_record
TN:
SF:app/javascript/components/Pages/dashboard/delete-modal/DeleteModal.js
FN:6,(anonymous_0)
FN:10,(anonymous_1)
FN:12,(anonymous_2)
FN:15,(anonymous_3)
FN:48,(anonymous_4)
FN:49,(anonymous_5)
FNF:6
FNH:1
FNDA:2,(anonymous_0)
FNDA:0,(anonymous_1)
FNDA:0,(anonymous_2)
FNDA:0,(anonymous_3)
FNDA:0,(anonymous_4)
FNDA:0,(anonymous_5)
DA:6,2
DA:7,2
DA:8,2
DA:10,2
DA:11,0
DA:13,0
DA:14,0
DA:15,0
DA:16,0
DA:22,2
DA:48,0
DA:49,0
LF:12
LH:5
BRDA:13,0,0,0
BRDA:13,0,1,0
BRDA:36,1,0,2
BRDA:36,1,1,2
BRDA:41,2,0,2
BRDA:41,2,1,0
BRF:6
BRH:3
end_of_record
TN:
SF:app/javascript/components/Pages/dashboard/pie-chart/Pie.js
FN:7,(anonymous_0)
FN:10,(anonymous_1)
FN:14,(anonymous_2)
FN:29,(anonymous_3)
FN:51,(anonymous_4)
FN:53,(anonymous_5)
FNF:6
FNH:1
FNDA:1,(anonymous_0)
FNDA:0,(anonymous_1)
FNDA:0,(anonymous_2)
FNDA:0,(anonymous_3)
FNDA:0,(anonymous_4)
FNDA:0,(anonymous_5)
DA:5,2
DA:7,2
DA:8,1
DA:10,1
DA:11,0
DA:14,1
DA:15,0
DA:30,0
DA:51,1
DA:52,0
DA:53,0
DA:54,0
DA:56,0
DA:59,1
LF:14
LH:7
BRF:0
BRH:0
end_of_record
TN:
SF:app/javascript/components/utils/ApiCalls.js
FN:1,(anonymous_0)
FN:5,(anonymous_1)
FN:6,(anonymous_2)
FN:9,(anonymous_3)
FN:13,(anonymous_4)
FN:14,(anonymous_5)
FN:17,(anonymous_6)
FN:26,(anonymous_7)
FN:27,(anonymous_8)
FN:30,(anonymous_9)
FN:38,(anonymous_10)
FN:39,(anonymous_11)
FN:42,(anonymous_12)
FN:51,(anonymous_13)
FN:52,(anonymous_14)
FN:55,(anonymous_15)
FN:63,(anonymous_16)
FN:64,(anonymous_17)
FN:65,(anonymous_18)
FN:66,(anonymous_19)
FN:66,(anonymous_20)
FN:67,(anonymous_21)
FNF:22
FNH:7
FNDA:0,(anonymous_0)
FNDA:0,(anonymous_1)
FNDA:0,(anonymous_2)
FNDA:0,(anonymous_3)
FNDA:0,(anonymous_4)
FNDA:0,(anonymous_5)
FNDA:0,(anonymous_6)
FNDA:0,(anonymous_7)
FNDA:0,(anonymous_8)
FNDA:0,(anonymous_9)
FNDA:0,(anonymous_10)
FNDA:0,(anonymous_11)
FNDA:0,(anonymous_12)
FNDA:0,(anonymous_13)
FNDA:0,(anonymous_14)
FNDA:5,(anonymous_15)
FNDA:5,(anonymous_16)
FNDA:5,(anonymous_17)
FNDA:5,(anonymous_18)
FNDA:15,(anonymous_19)
FNDA:15,(anonymous_20)
FNDA:5,(anonymous_21)
DA:1,2
DA:2,0
DA:5,0
DA:6,0
DA:9,2
DA:10,0
DA:13,0
DA:14,0
DA:17,2
DA:18,0
DA:26,0
DA:27,0
DA:30,2
DA:31,0
DA:38,0
DA:39,0
DA:42,2
DA:43,0
DA:51,0
DA:52,0
DA:55,2
DA:56,5
DA:58,5
DA:59,0
DA:62,5
DA:63,5
DA:64,5
DA:65,5
DA:66,15
DA:68,5
DA:73,5
LF:31
LH:15
BRDA:58,0,0,0
BRDA:58,0,1,5
BRF:2
BRH:1
end_of_record
